# JRE version: Java(TM) SE Runtime Environment (8.0_11-b12) (build 1.8.0_11-b12)
# Java VM: Java HotSpot(TM) 64-Bit Server VM (25.11-b03 mixed mode windows-amd64 compressed oops)
Heap:
 par new generation   total 1152K, used 759K [0x0000000643800000, 0x0000000643940000, 0x00000006584c0000)
  eden space 1024K,  73% used [0x0000000643800000, 0x00000006438bbc50, 0x0000000643900000)
  from space 128K,   6% used [0x0000000643920000, 0x0000000643922000, 0x0000000643940000)
  to   space 128K,   0% used [0x0000000643900000, 0x0000000643900000, 0x0000000643920000)
 concurrent mark-sweep generation total 129792K, used 34430K [0x00000006584c0000, 0x0000000660380000, 0x00000007c0000000)
 Metaspace       used 71292K, capacity 72323K, committed 72436K, reserved 1110016K
  class space    used 11969K, capacity 12149K, committed 12164K, reserved 1048576K
GC Heap History (10 events):
Event: 393.285 GC heap before
{Heap before GC invocations=1264 (full 13):
 par new generation   total 1152K, used 1032K [0x0000000643800000, 0x0000000643940000, 0x00000006584c0000)
  eden space 1024K, 100% used [0x0000000643800000, 0x0000000643900000, 0x0000000643900000)
  from space 128K,   6% used [0x0000000643900000, 0x0000000643902000, 0x0000000643920000)
  to   space 128K,   0% used [0x0000000643920000, 0x0000000643920000, 0x0000000643940000)
 concurrent mark-sweep generation total 129792K, used 34430K [0x00000006584c0000, 0x0000000660380000, 0x00000007c0000000)
 Metaspace       used 71290K, capacity 72323K, committed 72436K, reserved 1110016K
  class space    used 11969K, capacity 12149K, committed 12164K, reserved 1048576K
Event: 393.287 GC heap after
Heap after GC invocations=1265 (full 13):
 par new generation   total 1152K, used 4K [0x0000000643800000, 0x0000000643940000, 0x00000006584c0000)
  eden space 1024K,   0% used [0x0000000643800000, 0x0000000643800000, 0x0000000643900000)
  from space 128K,   3% used [0x0000000643920000, 0x0000000643921000, 0x0000000643940000)
  to   space 128K,   0% used [0x0000000643900000, 0x0000000643900000, 0x0000000643920000)
 concurrent mark-sweep generation total 129792K, used 34430K [0x00000006584c0000, 0x0000000660380000, 0x00000007c0000000)
 Metaspace       used 71290K, capacity 72323K, committed 72436K, reserved 1110016K
  class space    used 11969K, capacity 12149K, committed 12164K, reserved 1048576K
}
Event: 401.157 GC heap before
{Heap before GC invocations=1265 (full 13):
 par new generation   total 1152K, used 1028K [0x0000000643800000, 0x0000000643940000, 0x00000006584c0000)
  eden space 1024K, 100% used [0x0000000643800000, 0x0000000643900000, 0x0000000643900000)
  from space 128K,   3% used [0x0000000643920000, 0x0000000643921000, 0x0000000643940000)
  to   space 128K,   0% used [0x0000000643900000, 0x0000000643900000, 0x0000000643920000)
 concurrent mark-sweep generation total 129792K, used 34430K [0x00000006584c0000, 0x0000000660380000, 0x00000007c0000000)
 Metaspace       used 71290K, capacity 72323K, committed 72436K, reserved 1110016K
  class space    used 11969K, capacity 12149K, committed 12164K, reserved 1048576K
Event: 401.158 GC heap after
Heap after GC invocations=1266 (full 13):
 par new generation   total 1152K, used 6K [0x0000000643800000, 0x0000000643940000, 0x00000006584c0000)
  eden space 1024K,   0% used [0x0000000643800000, 0x0000000643800000, 0x0000000643900000)
  from space 128K,   4% used [0x0000000643900000, 0x0000000643901800, 0x0000000643920000)
  to   space 128K,   0% used [0x0000000643920000, 0x0000000643920000, 0x0000000643940000)
 concurrent mark-sweep generation total 129792K, used 34430K [0x00000006584c0000, 0x0000000660380000, 0x00000007c0000000)
 Metaspace       used 71290K, capacity 72323K, committed 72436K, reserved 1110016K
  class space    used 11969K, capacity 12149K, committed 12164K, reserved 1048576K
}
Event: 409.100 GC heap before
{Heap before GC invocations=1266 (full 13):
 par new generation   total 1152K, used 1030K [0x0000000643800000, 0x0000000643940000, 0x00000006584c0000)
  eden space 1024K, 100% used [0x0000000643800000, 0x0000000643900000, 0x0000000643900000)
  from space 128K,   4% used [0x0000000643900000, 0x0000000643901800, 0x0000000643920000)
  to   space 128K,   0% used [0x0000000643920000, 0x0000000643920000, 0x0000000643940000)
 concurrent mark-sweep generation total 129792K, used 34430K [0x00000006584c0000, 0x0000000660380000, 0x00000007c0000000)
 Metaspace       used 71290K, capacity 72323K, committed 72436K, reserved 1110016K
  class space    used 11969K, capacity 12149K, committed 12164K, reserved 1048576K
Event: 409.101 GC heap after
Heap after GC invocations=1267 (full 13):
 par new generation   total 1152K, used 6K [0x0000000643800000, 0x0000000643940000, 0x00000006584c0000)
  eden space 1024K,   0% used [0x0000000643800000, 0x0000000643800000, 0x0000000643900000)
  from space 128K,   4% used [0x0000000643920000, 0x0000000643921800, 0x0000000643940000)
  to   space 128K,   0% used [0x0000000643900000, 0x0000000643900000, 0x0000000643920000)
 concurrent mark-sweep generation total 129792K, used 34430K [0x00000006584c0000, 0x0000000660380000, 0x00000007c0000000)
 Metaspace       used 71290K, capacity 72323K, committed 72436K, reserved 1110016K
  class space    used 11969K, capacity 12149K, committed 12164K, reserved 1048576K
}
Event: 416.978 GC heap before
{Heap before GC invocations=1267 (full 13):
 par new generation   total 1152K, used 1030K [0x0000000643800000, 0x0000000643940000, 0x00000006584c0000)
  eden space 1024K, 100% used [0x0000000643800000, 0x0000000643900000, 0x0000000643900000)
  from space 128K,   4% used [0x0000000643920000, 0x0000000643921800, 0x0000000643940000)
  to   space 128K,   0% used [0x0000000643900000, 0x0000000643900000, 0x0000000643920000)
 concurrent mark-sweep generation total 129792K, used 34430K [0x00000006584c0000, 0x0000000660380000, 0x00000007c0000000)
 Metaspace       used 71290K, capacity 72323K, committed 72436K, reserved 1110016K
  class space    used 11969K, capacity 12149K, committed 12164K, reserved 1048576K
Event: 416.980 GC heap after
Heap after GC invocations=1268 (full 13):
 par new generation   total 1152K, used 8K [0x0000000643800000, 0x0000000643940000, 0x00000006584c0000)
  eden space 1024K,   0% used [0x0000000643800000, 0x0000000643800000, 0x0000000643900000)
  from space 128K,   6% used [0x0000000643900000, 0x0000000643902000, 0x0000000643920000)
  to   space 128K,   0% used [0x0000000643920000, 0x0000000643920000, 0x0000000643940000)
 concurrent mark-sweep generation total 129792K, used 34430K [0x00000006584c0000, 0x0000000660380000, 0x00000007c0000000)
 Metaspace       used 71290K, capacity 72323K, committed 72436K, reserved 1110016K
  class space    used 11969K, capacity 12149K, committed 12164K, reserved 1048576K
}
Event: 422.808 GC heap before
{Heap before GC invocations=1268 (full 13):
 par new generation   total 1152K, used 1032K [0x0000000643800000, 0x0000000643940000, 0x00000006584c0000)
  eden space 1024K, 100% used [0x0000000643800000, 0x0000000643900000, 0x0000000643900000)
  from space 128K,   6% used [0x0000000643900000, 0x0000000643902000, 0x0000000643920000)
  to   space 128K,   0% used [0x0000000643920000, 0x0000000643920000, 0x0000000643940000)
 concurrent mark-sweep generation total 129792K, used 34430K [0x00000006584c0000, 0x0000000660380000, 0x00000007c0000000)
 Metaspace       used 71291K, capacity 72323K, committed 72436K, reserved 1110016K
  class space    used 11969K, capacity 12149K, committed 12164K, reserved 1048576K
Event: 422.810 GC heap after
Heap after GC invocations=1269 (full 13):
 par new generation   total 1152K, used 8K [0x0000000643800000, 0x0000000643940000, 0x00000006584c0000)
  eden space 1024K,   0% used [0x0000000643800000, 0x0000000643800000, 0x0000000643900000)
  from space 128K,   6% used [0x0000000643920000, 0x0000000643922000, 0x0000000643940000)
  to   space 128K,   0% used [0x0000000643900000, 0x0000000643900000, 0x0000000643920000)
 concurrent mark-sweep generation total 129792K, used 34430K [0x00000006584c0000, 0x0000000660380000, 0x00000007c0000000)
 Metaspace       used 71291K, capacity 72323K, committed 72436K, reserved 1110016K
  class space    used 11969K, capacity 12149K, committed 12164K, reserved 1048576K
}

